
___Entering new scope...

TOKEN: INTCONST 		 LEXEME: 1
CONST -> INTCONST
FACTOR -> CONST
TOKEN: EQ 		 LEXEME: ==
MULT_OP_LIST -> epsilon
TERM -> FACTOR MULT_OP_LIST
HERE 2222
ADD_OP_LIST -> epsilon
SIMPLE_ARITHLOGIC -> TERM ADD_OP_LIST
REL_OP -> ==
TOKEN: TRUE 		 LEXEME: TRUE
CONST -> TRUE
FACTOR -> CONST
MULT_OP_LIST -> epsilon
TERM -> FACTOR MULT_OP_LIST
HERE 2222
ADD_OP_LIST -> epsilon
SIMPLE_ARITHLOGIC -> TERM ADD_OP_LIST
ARITHLOGIC_EXPR -> SIMPLE_ARITHLOGIC REL_OP SIMPLE_ARITHLOGIC
in expression 1.000000 and 0.000000
EXPR -> ARITHLOGIC_EXPR
START -> EXPR

---- Completed parsing ----

Value of the expression is: TRUE

___Exiting scope...

