
___Entering new scope...

TOKEN: FLOATCONST 		 LEXEME: 100.25
CONST -> FLOATCONST
FACTOR -> CONST
TOKEN: SUB 		 LEXEME: -
MULT_OP_LIST -> epsilon
TERM -> FACTOR MULT_OP_LIST
ADD_OP -> -
TOKEN: LPAREN 		 LEXEME: (
TOKEN: FLOATCONST 		 LEXEME: 50.2
CONST -> FLOATCONST
FACTOR -> CONST
TOKEN: ADD 		 LEXEME: +
MULT_OP_LIST -> epsilon
TERM -> FACTOR MULT_OP_LIST
ADD_OP -> +
TOKEN: FLOATCONST 		 LEXEME: 25.7
CONST -> FLOATCONST
FACTOR -> CONST
TOKEN: RPAREN 		 LEXEME: )
MULT_OP_LIST -> epsilon
TERM -> FACTOR MULT_OP_LIST
ADD_OP_LIST -> epsilon
ADD_OP_LIST -> ADD_OP TERM ADD_OP_LIST
SIMPLE_ARITHLOGIC -> TERM ADD_OP_LIST
ARITHLOGIC_EXPR -> SIMPLE_ARITHLOGIC
EXPR -> ARITHLOGIC_EXPR
FACTOR -> ( EXPR )
MULT_OP_LIST -> epsilon
TERM -> FACTOR MULT_OP_LIST
ADD_OP_LIST -> epsilon
ADD_OP_LIST -> ADD_OP TERM ADD_OP_LIST
SIMPLE_ARITHLOGIC -> TERM ADD_OP_LIST
ARITHLOGIC_EXPR -> SIMPLE_ARITHLOGIC
EXPR -> ARITHLOGIC_EXPR
START -> EXPR

---- Completed parsing ----

 Value of the expression is: 100.25

___Exiting scope...

