
___Entering new scope...

TOKEN: FLOATCONST 		 LEXEME: 32.01
CONST -> FLOATCONST
FACTOR -> CONST
TOKEN: POWER 		 LEXEME: ^
MULT_OP -> ^
TOKEN: FLOATCONST 		 LEXEME: 1.54
CONST -> FLOATCONST
FACTOR -> CONST
MULT_OP_LIST -> epsilon
MULT_OP_LIST -> MULT_OP FACTOR MULT_OP_LIST
TERM -> FACTOR MULT_OP_LIST
ADD_OP_LIST -> epsilon
SIMPLE_ARITHLOGIC -> TERM ADD_OP_LIST
ARITHLOGIC_EXPR -> SIMPLE_ARITHLOGIC
EXPR -> ARITHLOGIC_EXPR
START -> EXPR

---- Completed parsing ----

 Value of the expression is: 32.01

___Exiting scope...

