
___Entering new scope...

TOKEN: LPAREN 		 LEXEME: (
TOKEN: FLOATCONST 		 LEXEME: 2.71
CONST -> FLOATCONST
FACTOR -> CONST
TOKEN: DIV 		 LEXEME: /
MULT_OP -> /
TOKEN: TRUE 		 LEXEME: TRUE
CONST -> TRUE
FACTOR -> CONST
TOKEN: RPAREN 		 LEXEME: )
MULT_OP_LIST -> epsilon
MULT_OP_LIST -> MULT_OP FACTOR MULT_OP_LIST
HEre 1
1 and: TRUE and

TERM -> FACTOR MULT_OP_LIST
HERE 1111
ADD_OP_LIST -> epsilon
SIMPLE_ARITHLOGIC -> TERM ADD_OP_LIST
ARITHLOGIC_EXPR -> SIMPLE_ARITHLOGIC
EXPR -> ARITHLOGIC_EXPR
FACTOR -> ( EXPR )
TOKEN: POWER 		 LEXEME: ^
MULT_OP -> ^
TOKEN: INTCONST 		 LEXEME: 2
CONST -> INTCONST
FACTOR -> CONST
MULT_OP_LIST -> epsilon
MULT_OP_LIST -> MULT_OP FACTOR MULT_OP_LIST
HEre 1
1 and: FALSE and

TERM -> FACTOR MULT_OP_LIST
HERE 1111
ADD_OP_LIST -> epsilon
SIMPLE_ARITHLOGIC -> TERM ADD_OP_LIST
ARITHLOGIC_EXPR -> SIMPLE_ARITHLOGIC
EXPR -> ARITHLOGIC_EXPR
START -> EXPR

---- Completed parsing ----

Value of the expression is: 7.34

___Exiting scope...

