
___Entering new scope...

TOKEN: CAT 		 LEXEME: cat
TOKEN: LPAREN 		 LEXEME: (
TOKEN: FLOATCONST 		 LEXEME: -27.834
CONST -> FLOATCONST
FACTOR -> CONST
TOKEN: RPAREN 		 LEXEME: )
MULT_OP_LIST -> epsilon
TERM -> FACTOR MULT_OP_LIST
HERE 2222
ADD_OP_LIST -> epsilon
SIMPLE_ARITHLOGIC -> TERM ADD_OP_LIST
ARITHLOGIC_EXPR -> SIMPLE_ARITHLOGIC
EXPR -> ARITHLOGIC_EXPR
OUTPUT_EXPR -> CAT ( EXPR )
-27.83
EXPR -> OUTPUT_EXPR
START -> EXPR

---- Completed parsing ----

Value of the expression is: NULL

___Exiting scope...

