
___Entering new scope...

TOKEN: CAT 		 LEXEME: cat
TOKEN: LPAREN 		 LEXEME: (
TOKEN: LIST 		 LEXEME: list
TOKEN: LPAREN 		 LEXEME: (
TOKEN: INTCONST 		 LEXEME: 1
CONST -> INTCONST
TOKEN: COMMA 		 LEXEME: ,
TOKEN: INTCONST 		 LEXEME: 2
CONST -> INTCONST
TOKEN: COMMA 		 LEXEME: ,
TOKEN: INTCONST 		 LEXEME: 3
CONST -> INTCONST
TOKEN: RPAREN 		 LEXEME: )
CONST_LIST -> CONST
CONST_LIST -> CONST, CONST_LIST
CONST_LIST -> CONST, CONST_LIST
LIST_EXPR -> LIST ( CONST_LIST )
EXPR -> LIST_EXPR
TOKEN: RPAREN 		 LEXEME: )
OUTPUT_EXPR -> CAT ( EXPR )
( 1 2 3 )
EXPR -> OUTPUT_EXPR
START -> EXPR

---- Completed parsing ----

Value of the expression is: NULL

___Exiting scope...

