
___Entering new scope...

TOKEN: LBRACE 		 LEXEME: {
TOKEN: PRINT 		 LEXEME: print
TOKEN: LPAREN 		 LEXEME: (
TOKEN: STRCONST 		 LEXEME: "I am Groot!"
CONST -> STRCONST
FACTOR -> CONST
TOKEN: RPAREN 		 LEXEME: )
MULT_OP_LIST -> epsilon
TERM -> FACTOR MULT_OP_LIST
ADD_OP_LIST -> epsilon
SIMPLE_ARITHLOGIC -> TERM ADD_OP_LIST
ARITHLOGIC_EXPR -> SIMPLE_ARITHLOGIC
EXPR -> ARITHLOGIC_EXPR
OUTPUT_EXPR -> PRINT ( EXPR )
"I am Groot!"
EXPR -> OUTPUT_EXPR
TOKEN: SEMICOLON 		 LEXEME: ;
TOKEN: INTCONST 		 LEXEME: 12345
CONST -> INTCONST
FACTOR -> CONST
TOKEN: RBRACE 		 LEXEME: }
MULT_OP_LIST -> epsilon
TERM -> FACTOR MULT_OP_LIST
ADD_OP_LIST -> epsilon
SIMPLE_ARITHLOGIC -> TERM ADD_OP_LIST
ARITHLOGIC_EXPR -> SIMPLE_ARITHLOGIC
EXPR -> ARITHLOGIC_EXPR
EXPR_LIST -> epsilon
EXPR_LIST -> ; EXPR EXPR_LIST
COMPOUND_EXPR -> { EXPR EXPR_LIST }
EXPR -> COMPOUND_EXPR
START -> EXPR

---- Completed parsing ----

 Value of the expression is: 12345

___Exiting scope...

