
___Entering new scope...

TOKEN: INTCONST 		 LEXEME: 2
CONST -> INTCONST
FACTOR -> CONST
TOKEN: DIV 		 LEXEME: /
MULT_OP -> /
TOKEN: FALSE 		 LEXEME: FALSE
CONST -> FALSE
FACTOR -> CONST
MULT_OP_LIST -> epsilon
MULT_OP_LIST -> MULT_OP FACTOR MULT_OP_LIST
TERM -> FACTOR MULT_OP_LIST
ADD_OP_LIST -> epsilon
SIMPLE_ARITHLOGIC -> TERM ADD_OP_LIST
ARITHLOGIC_EXPR -> SIMPLE_ARITHLOGIC
EXPR -> ARITHLOGIC_EXPR
START -> EXPR

---- Completed parsing ----

 Value of the expression is: 2

___Exiting scope...

