
___Entering new scope...

TOKEN: LIST 		 LEXEME: list
TOKEN: LPAREN 		 LEXEME: (
TOKEN: INTCONST 		 LEXEME: 23
CONST -> INTCONST
TOKEN: COMMA 		 LEXEME: ,
TOKEN: FLOATCONST 		 LEXEME: 3.14
CONST -> FLOATCONST
TOKEN: COMMA 		 LEXEME: ,
TOKEN: TRUE 		 LEXEME: TRUE
CONST -> TRUE
TOKEN: COMMA 		 LEXEME: ,
TOKEN: STRCONST 		 LEXEME: "BoJack"
CONST -> STRCONST
TOKEN: COMMA 		 LEXEME: ,
TOKEN: FLOATCONST 		 LEXEME: -98.689
CONST -> FLOATCONST
TOKEN: COMMA 		 LEXEME: ,
TOKEN: FALSE 		 LEXEME: FALSE
CONST -> FALSE
TOKEN: COMMA 		 LEXEME: ,
TOKEN: STRCONST 		 LEXEME: "Mr. PeanutButter"
CONST -> STRCONST
TOKEN: RPAREN 		 LEXEME: )
CONST_LIST -> CONST
CONST_LIST -> CONST, CONST_LIST
CONST_LIST -> CONST, CONST_LIST
CONST_LIST -> CONST, CONST_LIST
CONST_LIST -> CONST, CONST_LIST
CONST_LIST -> CONST, CONST_LIST
CONST_LIST -> CONST, CONST_LIST
LIST_EXPR -> LIST ( CONST_LIST )
EXPR -> LIST_EXPR
START -> EXPR

---- Completed parsing ----

Value of the expression is: ( 23 3.14 TRUE "BoJack" -98.69 FALSE "Mr. PeanutButter" )

___Exiting scope...

