
___Entering new scope...

TOKEN: PRINT 		 LEXEME: print
TOKEN: LPAREN 		 LEXEME: (
TOKEN: LIST 		 LEXEME: list
TOKEN: LPAREN 		 LEXEME: (
TOKEN: INTCONST 		 LEXEME: 1
CONST -> INTCONST
TOKEN: COMMA 		 LEXEME: ,
TOKEN: STRCONST 		 LEXEME: "two"
CONST -> STRCONST
TOKEN: COMMA 		 LEXEME: ,
TOKEN: FLOATCONST 		 LEXEME: 3.14
CONST -> FLOATCONST
TOKEN: RPAREN 		 LEXEME: )
CONST_LIST -> CONST
CONST_LIST -> CONST, CONST_LIST
CONST_LIST -> CONST, CONST_LIST
LIST_EXPR -> LIST ( CONST_LIST )
EXPR -> LIST_EXPR
TOKEN: RPAREN 		 LEXEME: )
OUTPUT_EXPR -> PRINT ( EXPR )
( 1 "two" 3.14 )
EXPR -> OUTPUT_EXPR
START -> EXPR

---- Completed parsing ----

Value of the expression is: ( 1 "two" 3.14 )

___Exiting scope...

