
___Entering new scope...

TOKEN: LBRACE 		 LEXEME: {
TOKEN: PRINT 		 LEXEME: print
TOKEN: LPAREN 		 LEXEME: (
TOKEN: STRCONST 		 LEXEME: "Enter an integer (e.g., 123): "
CONST -> STRCONST
FACTOR -> CONST
TOKEN: RPAREN 		 LEXEME: )
MULT_OP_LIST -> epsilon
TERM -> FACTOR MULT_OP_LIST
ADD_OP_LIST -> epsilon
SIMPLE_ARITHLOGIC -> TERM ADD_OP_LIST
ARITHLOGIC_EXPR -> SIMPLE_ARITHLOGIC
EXPR -> ARITHLOGIC_EXPR
OUTPUT_EXPR -> PRINT ( EXPR )
"Enter an integer (e.g., 123): "
EXPR -> OUTPUT_EXPR
TOKEN: SEMICOLON 		 LEXEME: ;
TOKEN: READ 		 LEXEME: read
TOKEN: LPAREN 		 LEXEME: (
TOKEN: RPAREN 		 LEXEME: )
INPUT_EXPR -> READ ( )
