
___Entering new scope...

TOKEN: LBRACE 		 LEXEME: {
TOKEN: PRINT 		 LEXEME: print
TOKEN: LPAREN 		 LEXEME: (
TOKEN: STRCONST 		 LEXEME: "Enter a float (e.g., -2.71): "
CONST -> STRCONST
FACTOR -> CONST
TOKEN: RPAREN 		 LEXEME: )
MULT_OP_LIST -> epsilon
TERM -> FACTOR MULT_OP_LIST
ADD_OP_LIST -> epsilon
SIMPLE_ARITHLOGIC -> TERM ADD_OP_LIST
ARITHLOGIC_EXPR -> SIMPLE_ARITHLOGIC
EXPR -> ARITHLOGIC_EXPR
OUTPUT_EXPR -> PRINT ( EXPR )
"Enter a float (e.g., -2.71): "
EXPR -> OUTPUT_EXPR
TOKEN: SEMICOLON 		 LEXEME: ;
TOKEN: READ 		 LEXEME: read
TOKEN: LPAREN 		 LEXEME: (
TOKEN: RPAREN 		 LEXEME: )
INPUT_EXPR -> READ ( )
0 0.000000 EXPR -> INPUT_EXPR
TOKEN: RBRACE 		 LEXEME: }
EXPR_LIST -> epsilon
EXPR_LIST -> ; EXPR EXPR_LIST
COMPOUND_EXPR -> { EXPR EXPR_LIST }
EXPR -> COMPOUND_EXPR
START -> EXPR

---- Completed parsing ----

 Value of the expression is: 

___Exiting scope...

